[debug] [2024-08-03T05:35:31.945Z] ----------------------------------------------------------------------
[debug] [2024-08-03T05:35:31.951Z] Command:       C:\Program Files\nodejs\node.exe C:\Users\Administrator\AppData\Roaming\npm\node_modules\firebase-tools\lib\bin\firebase.js init functions
[debug] [2024-08-03T05:35:31.952Z] CLI Version:   13.14.2
[debug] [2024-08-03T05:35:31.952Z] Platform:      win32
[debug] [2024-08-03T05:35:31.952Z] Node Version:  v20.16.0
[debug] [2024-08-03T05:35:31.952Z] Time:          Sat Aug 03 2024 11:35:31 GMT+0600 (Bangladesh Standard Time)
[debug] [2024-08-03T05:35:31.952Z] ----------------------------------------------------------------------
[debug] 
[debug] [2024-08-03T05:35:31.965Z] > command requires scopes: ["email","openid","https://www.googleapis.com/auth/cloudplatformprojects.readonly","https://www.googleapis.com/auth/firebase","https://www.googleapis.com/auth/cloud-platform"]
[debug] [2024-08-03T05:35:31.966Z] > authorizing via signed-in user (rubaiyakhanjerin1133@gmail.com)
[info] 
     ######## #### ########  ######## ########     ###     ######  ########
     ##        ##  ##     ## ##       ##     ##  ##   ##  ##       ##
     ######    ##  ########  ######   ########  #########  ######  ######
     ##        ##  ##    ##  ##       ##     ## ##     ##       ## ##
     ##       #### ##     ## ######## ########  ##     ##  ######  ########

You're about to initialize a Firebase project in this directory:

  C:\Users\Administrator\superchat

[info] 
=== Project Setup
[info] 
[info] First, let's associate this project directory with a Firebase project.
[info] You can create multiple project aliases by running firebase use --add, 
[info] but for now we'll just set up a default project.
[info] 
